HEAL CONNECT ULTIMATE - Complete Fix & Deploy Log
=================================================
Timestamp: 08/06/2025 00:46:52
Project: C:\Users\Eugeno\Development\heal-connect-ultimate
Port: 5000
Job ID: 15

TYPESCRIPT FIXES:
- Line 383: sortOrder null check - (a.sortOrder || 0) - (b.sortOrder || 0)
- Line 600: subscriberCount null check - (b.subscriberCount || 0) - (a.subscriberCount || 0)
- Line 608: sortOrder null check - (a.sortOrder || 0) - (b.sortOrder || 0)  
- Line 699: viewCount increment - video.viewCount = (video.viewCount || 0) + 1

WINDOWS COMPATIBILITY:
- Installed cross-env for NODE_ENV handling
- Updated package.json dev script
- Created start-heal-connect.ps1 and .bat scripts

ACCESS:
- URL: http://localhost:5000
- Health: http://localhost:5000/health

STATUS: Running Successfully
Matthew 5:37: Clear, direct operation achieved
